Log file open, 11/22/22 20:05:12
LogWindows: Failed to load 'aqProf.dll' (GetLastError=126)
LogWindows: File 'aqProf.dll' does not exist
LogWindows: Failed to load 'VtuneApi.dll' (GetLastError=126)
LogWindows: File 'VtuneApi.dll' does not exist
LogWindows: Failed to load 'VtuneApi32e.dll' (GetLastError=126)
LogWindows: File 'VtuneApi32e.dll' does not exist
LogConsoleResponse: Display: Failed to find resolution value strings in scalability ini. Falling back to default.
LogConsoleResponse: Display: Failed to find resolution value strings in scalability ini. Falling back to default.
LogInit: Display: Running engine for game: ActionGame
LogPlatformFile: Not using cached read wrapper
LogTaskGraph: Started task graph with 5 named threads and 35 total threads with 3 sets of task threads.
LogStats: Stats thread started at 0.285899
LogICUInternationalization: ICU TimeZone Detection - Raw Offset: -5:00, Platform Override: ''
LogInit: Display: Loading text-based GConfig....
LogPluginManager: Mounting plugin MeshPainting
LogPluginManager: Mounting plugin XGEController
LogPluginManager: Mounting plugin Paper2D
LogPluginManager: Mounting plugin AISupport
LogPluginManager: Mounting plugin EnvironmentQueryEditor
LogPluginManager: Mounting plugin LightPropagationVolume
LogPluginManager: Mounting plugin LiveLink
LogPluginManager: Mounting plugin CameraShakePreviewer
LogPluginManager: Mounting plugin OodleNetwork
LogPluginManager: Mounting plugin GameplayCameras
LogPluginManager: Mounting plugin CodeLiteSourceCodeAccess
LogPluginManager: Mounting plugin AnimationSharing
LogPluginManager: Mounting plugin OodleData
LogPluginManager: Mounting plugin CLionSourceCodeAccess
LogPluginManager: Mounting plugin GitSourceControl
LogPluginManager: Mounting plugin NullSourceCodeAccess
LogPluginManager: Mounting plugin KDevelopSourceCodeAccess
LogPluginManager: Mounting plugin PerforceSourceControl
LogPluginManager: Mounting plugin PixWinPlugin
LogPluginManager: Mounting plugin PlasticSourceControl
LogPluginManager: Mounting plugin PluginUtils
LogPluginManager: Mounting plugin PropertyAccessNode
LogPluginManager: Mounting plugin RiderSourceCodeAccess
LogPluginManager: Mounting plugin SubversionSourceControl
LogPluginManager: Mounting plugin TextureFormatOodle
LogPluginManager: Mounting plugin UObjectPlugin
LogPluginManager: Mounting plugin AssetManagerEditor
LogPluginManager: Mounting plugin VisualStudioCodeSourceCodeAccess
LogPluginManager: Mounting plugin VisualStudioSourceCodeAccess
LogPluginManager: Mounting plugin XCodeSourceCodeAccess
LogPluginManager: Mounting plugin CryptoKeys
LogPluginManager: Mounting plugin CurveEditorTools
LogPluginManager: Mounting plugin DataValidation
LogPluginManager: Mounting plugin GeometryMode
LogPluginManager: Mounting plugin FacialAnimation
LogPluginManager: Mounting plugin MacGraphicsSwitching
LogPluginManager: Mounting plugin GameplayTagsEditor
LogPluginManager: Mounting plugin MaterialAnalyzer
LogPluginManager: Mounting plugin PluginBrowser
LogPluginManager: Mounting plugin MobileLauncherProfileWizard
LogPluginManager: Mounting plugin SpeedTreeImporter
LogPluginManager: Mounting plugin StylusInput
LogPluginManager: Mounting plugin DatasmithContent
LogPluginManager: Mounting plugin VariantManagerContent
LogPluginManager: Mounting plugin Niagara
LogPluginManager: Mounting plugin AlembicImporter
LogPluginManager: Mounting plugin BackChannel
LogPluginManager: Mounting plugin MagicLeap
LogPluginManager: Mounting plugin LuminPlatformFeatures
LogPluginManager: Mounting plugin AutomationUtils
LogPluginManager: Mounting plugin ChaosCloth
LogPluginManager: Mounting plugin ChaosClothEditor
LogPluginManager: Mounting plugin ChaosEditor
LogPluginManager: Mounting plugin MagicLeapLightEstimation
LogPluginManager: Mounting plugin ChaosSolverPlugin
LogPluginManager: Mounting plugin MagicLeapMedia
LogPluginManager: Mounting plugin CharacterAI
LogPluginManager: Mounting plugin MagicLeapPassableWorld
LogPluginManager: Mounting plugin ChaosNiagara
LogPluginManager: Mounting plugin MLSDK
LogPluginManager: Mounting plugin GeometryCache
LogPluginManager: Mounting plugin GeometryCollectionPlugin
LogPluginManager: Mounting plugin GeometryProcessing
LogPluginManager: Mounting plugin MeshModelingToolset
LogPluginManager: Mounting plugin ModelingToolsEditorMode
LogPluginManager: Mounting plugin MotoSynth
LogPluginManager: Mounting plugin OpenImageDenoise
LogPluginManager: Mounting plugin PlatformCrypto
LogPluginManager: Mounting plugin PlanarCut
LogPluginManager: Mounting plugin ProxyLODPlugin
LogPluginManager: Mounting plugin PythonScriptPlugin
LogPluginManager: Mounting plugin SkeletalReduction
LogPluginManager: Mounting plugin AndroidMedia
LogPluginManager: Mounting plugin AvfMedia
LogPluginManager: Mounting plugin ImgMedia
LogPluginManager: Mounting plugin MediaCompositing
LogPluginManager: Mounting plugin MediaPlayerEditor
LogPluginManager: Mounting plugin WebMMedia
LogPluginManager: Mounting plugin WmfMedia
LogPluginManager: Mounting plugin TcpMessaging
LogPluginManager: Mounting plugin ActorSequence
LogPluginManager: Mounting plugin UdpMessaging
LogPluginManager: Mounting plugin LevelSequenceEditor
LogPluginManager: Mounting plugin MatineeToLevelSequence
LogPluginManager: Mounting plugin TemplateSequence
LogPluginManager: Mounting plugin OnlineSubsystem
LogPluginManager: Mounting plugin OnlineSubsystemNull
LogPluginManager: Mounting plugin OnlineSubsystemUtils
LogPluginManager: Mounting plugin LauncherChunkInstaller
LogPluginManager: Mounting plugin ActorLayerUtilities
LogPluginManager: Mounting plugin AndroidDeviceProfileSelector
LogPluginManager: Mounting plugin AndroidMoviePlayer
LogPluginManager: Mounting plugin AndroidPermission
LogPluginManager: Mounting plugin AppleImageUtils
LogPluginManager: Mounting plugin AppleMoviePlayer
LogPluginManager: Mounting plugin ArchVisCharacter
LogPluginManager: Mounting plugin AssetTags
LogPluginManager: Mounting plugin AudioCapture
LogPluginManager: Mounting plugin AudioSynesthesia
LogPluginManager: Mounting plugin CableComponent
LogPluginManager: Mounting plugin ChunkDownloader
LogPluginManager: Mounting plugin CustomMeshComponent
LogPluginManager: Mounting plugin EditableMesh
LogPluginManager: Mounting plugin ExampleDeviceProfileSelector
LogPluginManager: Mounting plugin GoogleCloudMessaging
LogPluginManager: Mounting plugin GooglePAD
LogPluginManager: Mounting plugin HairStrands
LogPluginManager: Mounting plugin IOSDeviceProfileSelector
LogPluginManager: Mounting plugin LinuxDeviceProfileSelector
LogPluginManager: Mounting plugin LocationServicesBPLibrary
LogPluginManager: Mounting plugin ScreenshotTools
LogPluginManager: Mounting plugin MobilePatchingUtils
LogPluginManager: Mounting plugin OpenXREyeTracker
LogPluginManager: Mounting plugin OpenXR
LogPluginManager: Mounting plugin OpenXRHandTracking
LogPluginManager: Mounting plugin PhysXVehicles
LogPluginManager: Mounting plugin PostSplashScreen
LogPluginManager: Mounting plugin ProceduralMeshComponent
LogPluginManager: Mounting plugin PropertyAccessEditor
LogPluginManager: Mounting plugin RuntimePhysXCooking
LogPluginManager: Mounting plugin SignificanceManager
LogPluginManager: Mounting plugin SoundFields
LogPluginManager: Mounting plugin Synthesis
LogPluginManager: Mounting plugin WebMMoviePlayer
LogPluginManager: Mounting plugin WindowsMoviePlayer
LogPluginManager: Mounting plugin Takes
LogPluginManager: Mounting plugin ContentBrowserAssetDataSource
LogPluginManager: Mounting plugin ContentBrowserClassDataSource
LogPluginManager: Mounting plugin ContentBrowserFileDataSource
LogPluginManager: Mounting plugin OnlineSubsystemGooglePlay
LogPluginManager: Mounting plugin OnlineSubsystemIOS
LogPluginManager: Mounting plugin OculusVR
LogPluginManager: Mounting plugin SteamVR
LogInit: Warning: Incompatible or missing module: ActionGame
Running C:/Program Files/Epic Games/UE_4.27/Engine/Binaries/DotNET/UnrealBuildTool.exe Development Win64 -Project="C:/UE5_Projects/ActionGame/Actiongame/ActionGame.uproject" -TargetType=Editor -Progress -NoEngineChanges -NoHotReloadFromIDE
Using 'git status' to determine working set for adaptive non-unity build (C:\UE5_Projects\ActionGame).
@progress push 5%
@progress pop
Building ActionGameEditor...
Using Visual Studio 2019 14.29.30147 toolchain (C:\Program Files (x86)\Microsoft Visual Studio\2019\Community\VC\Tools\MSVC\14.29.30133) and Windows 10.0.19041.0 SDK (C:\Program Files (x86)\Windows Kits\10).
Building 5 actions with 12 processes...
  @progress 'Compiling C++ source code...' 0%
  @progress 'Compiling C++ source code...' 20%
  [1/5] SExplosiveBarrel.cpp
  C:\UE5_Projects\ActionGame\Actiongame\Source\ActionGame\Public\SExplosiveBarrel.h(15): error C2079: 'ASExplosiveBarrel' uses undefined class 'ACTIONROGUELIKE_API'
  C:\UE5_Projects\ActionGame\Actiongame\Source\ActionGame\Public\SExplosiveBarrel.h(15): error C2143: syntax error: missing ';' before ':'
  C:\UE5_Projects\ActionGame\Actiongame\Source\ActionGame\Public\SExplosiveBarrel.h(15): error C2059: syntax error: ':'
  C:\UE5_Projects\ActionGame\Actiongame\Source\ActionGame\Public\SExplosiveBarrel.h(15): error C2059: syntax error: 'public'
  C:\UE5_Projects\ActionGame\Actiongame\Source\ActionGame\Public\SExplosiveBarrel.h(16): error C2143: syntax error: missing ';' before '{'
  C:\UE5_Projects\ActionGame\Actiongame\Source\ActionGame\Public\SExplosiveBarrel.h(16): error C2447: '{': missing function header (old-style formal list?)
  C:\UE5_Projects\ActionGame\Actiongame\Source\ActionGame\Private\SExplosiveBarrel.cpp(10): error C2027: use of undefined type 'ASExplosiveBarrel'
  C:\UE5_Projects\ActionGame\Actiongame\Intermediate\Build\Win64\UE4Editor\Inc\ActionGame\SExplosiveBarrel.generated.h(103): note: see declaration of 'ASExplosiveBarrel'
  C:\UE5_Projects\ActionGame\Actiongame\Source\ActionGame\Private\SExplosiveBarrel.cpp(11): error C4430: missing type specifier - int assumed. Note: C++ does not support default-int
  C:\UE5_Projects\ActionGame\Actiongame\Source\ActionGame\Private\SExplosiveBarrel.cpp(12): error C2065: 'MeshComp': undeclared identifier
  C:\UE5_Projects\ActionGame\Actiongame\Source\ActionGame\Private\SExplosiveBarrel.cpp(12): error C2065: 'CreateDefaultSubobject': undeclared identifier
  C:\UE5_Projects\ActionGame\Actiongame\Source\ActionGame\Private\SExplosiveBarrel.cpp(12): error C2275: 'UStaticMeshComponent': illegal use of this type as an expression
  C:\UE5_Projects\ActionGame\Actiongame\Source\ActionGame\Public\SExplosiveBarrel.h(10): note: see declaration of 'UStaticMeshComponent'
  C:\UE5_Projects\ActionGame\Actiongame\Source\ActionGame\Private\SExplosiveBarrel.cpp(13): error C2065: 'MeshComp': undeclared identifier
  C:\UE5_Projects\ActionGame\Actiongame\Source\ActionGame\Private\SExplosiveBarrel.cpp(15): error C2065: 'MeshComp': undeclared identifier
  C:\UE5_Projects\ActionGame\Actiongame\Source\ActionGame\Private\SExplosiveBarrel.cpp(16): error C2065: 'RootComponent': undeclared identifier
  C:\UE5_Projects\ActionGame\Actiongame\Source\ActionGame\Private\SExplosiveBarrel.cpp(16): error C2065: 'MeshComp': undeclared identifier
  C:\UE5_Projects\ActionGame\Actiongame\Source\ActionGame\Private\SExplosiveBarrel.cpp(18): error C2065: 'ForceComp': undeclared identifier
  C:\UE5_Projects\ActionGame\Actiongame\Source\ActionGame\Private\SExplosiveBarrel.cpp(18): error C2065: 'CreateDefaultSubobject': undeclared identifier
  C:\UE5_Projects\ActionGame\Actiongame\Source\ActionGame\Private\SExplosiveBarrel.cpp(18): error C2275: 'URadialForceComponent': illegal use of this type as an expression
  C:\Program Files\Epic Games\UE_4.27\Engine\Source\Runtime\Engine\Classes\PhysicsEngine/RadialForceComponent.h(16): note: see declaration of 'URadialForceComponent'
  C:\UE5_Projects\ActionGame\Actiongame\Source\ActionGame\Private\SExplosiveBarrel.cpp(19): error C2065: 'ForceComp': undeclared identifier
  C:\UE5_Projects\ActionGame\Actiongame\Source\ActionGame\Private\SExplosiveBarrel.cpp(19): error C2065: 'MeshComp': undeclared identifier
  C:\UE5_Projects\ActionGame\Actiongame\Source\ActionGame\Private\SExplosiveBarrel.cpp(22): error C2065: 'ForceComp': undeclared identifier
  C:\UE5_Projects\ActionGame\Actiongame\Source\ActionGame\Private\SExplosiveBarrel.cpp(24): error C2065: 'ForceComp': undeclared identifier
  C:\UE5_Projects\ActionGame\Actiongame\Source\ActionGame\Private\SExplosiveBarrel.cpp(25): error C2065: 'ForceComp': undeclared identifier
  C:\UE5_Projects\ActionGame\Actiongame\Source\ActionGame\Private\SExplosiveBarrel.cpp(27): error C2065: 'ForceComp': undeclared identifier
  C:\UE5_Projects\ActionGame\Actiongame\Source\ActionGame\Private\SExplosiveBarrel.cpp(30): error C2065: 'ForceComp': undeclared identifier
  C:\UE5_Projects\ActionGame\Actiongame\Source\ActionGame\Private\SExplosiveBarrel.cpp(34): error C4508: '{ctor}': function should return a value; 'void' return type assumed
  C:\UE5_Projects\ActionGame\Actiongame\Source\ActionGame\Private\SExplosiveBarrel.cpp(37): error C2027: use of undefined type 'ASExplosiveBarrel'
  C:\UE5_Projects\ActionGame\Actiongame\Intermediate\Build\Win64\UE4Editor\Inc\ActionGame\SExplosiveBarrel.generated.h(103): note: see declaration of 'ASExplosiveBarrel'
  C:\UE5_Projects\ActionGame\Actiongame\Source\ActionGame\Private\SExplosiveBarrel.cpp(40): error C2653: 'Super': is not a class or namespace name
  C:\UE5_Projects\ActionGame\Actiongame\Source\ActionGame\Private\SExplosiveBarrel.cpp(42): error C2065: 'MeshComp': undeclared identifier
  C:\UE5_Projects\ActionGame\Actiongame\Source\ActionGame\Private\SExplosiveBarrel.cpp(42): error C2355: 'this': can only be referenced inside non-static member functions or non-static data member initializers
  C:\UE5_Projects\ActionGame\Actiongame\Source\ActionGame\Private\SExplosiveBarrel.cpp(42): error C2027: use of undefined type 'ASExplosiveBarrel'
  C:\UE5_Projects\ActionGame\Actiongame\Intermediate\Build\Win64\UE4Editor\Inc\ActionGame\SExplosiveBarrel.generated.h(103): note: see declaration of 'ASExplosiveBarrel'
  C:\UE5_Projects\ActionGame\Actiongame\Source\ActionGame\Private\SExplosiveBarrel.cpp(42): error C2065: 'OnActorHit': undeclared identifier
  C:\UE5_Projects\ActionGame\Actiongame\Source\ActionGame\Private\SExplosiveBarrel.cpp(46): error C2027: use of undefined type 'ASExplosiveBarrel'
  C:\UE5_Projects\ActionGame\Actiongame\Intermediate\Build\Win64\UE4Editor\Inc\ActionGame\SExplosiveBarrel.generated.h(103): note: see declaration of 'ASExplosiveBarrel'
  C:\UE5_Projects\ActionGame\Actiongame\Source\ActionGame\Private\SExplosiveBarrel.cpp(48): error C2065: 'ForceComp': undeclared identifier
  C:\UE5_Projects\ActionGame\Actiongame\Source\ActionGame\Private\SExplosiveBarrel.cpp(55): error C3861: 'GetWorld': identifier not found
  C:\UE5_Projects\ActionGame\Actiongame\Source\ActionGame\Private\SExplosiveBarrel.cpp(58): error C3861: 'GetWorld': identifier not found
  @progress 'Compiling C++ source code...' 40%
  [2/5] SExplosiveBarrel.gen.cpp
  C:\UE5_Projects\ActionGame\Actiongame\Source\ActionGame/Public/SExplosiveBarrel.h(15): error C2079: 'ASExplosiveBarrel' uses undefined class 'ACTIONROGUELIKE_API'
  C:\UE5_Projects\ActionGame\Actiongame\Source\ActionGame/Public/SExplosiveBarrel.h(15): error C2143: syntax error: missing ';' before ':'
  C:\UE5_Projects\ActionGame\Actiongame\Source\ActionGame/Public/SExplosiveBarrel.h(15): error C2059: syntax error: ':'
  C:\UE5_Projects\ActionGame\Actiongame\Source\ActionGame/Public/SExplosiveBarrel.h(15): error C2059: syntax error: 'public'
  C:\UE5_Projects\ActionGame\Actiongame\Source\ActionGame/Public/SExplosiveBarrel.h(16): error C2143: syntax error: missing ';' before '{'
  C:\UE5_Projects\ActionGame\Actiongame\Source\ActionGame/Public/SExplosiveBarrel.h(16): error C2447: '{': missing function header (old-style formal list?)
  C:\UE5_Projects\ActionGame\Actiongame\Intermediate\Build\Win64\UE4Editor\Inc\ActionGame\SExplosiveBarrel.gen.cpp(27): error C2027: use of undefined type 'ASExplosiveBarrel'
  C:\UE5_Projects\ActionGame\Actiongame\Intermediate\Build\Win64\UE4Editor\Inc\ActionGame\SExplosiveBarrel.generated.h(103): note: see declaration of 'ASExplosiveBarrel'
  C:\UE5_Projects\ActionGame\Actiongame\Intermediate\Build\Win64\UE4Editor\Inc\ActionGame\SExplosiveBarrel.gen.cpp(36): error C2065: 'ThisClass': undeclared identifier
  C:\UE5_Projects\ActionGame\Actiongame\Intermediate\Build\Win64\UE4Editor\Inc\ActionGame\SExplosiveBarrel.gen.cpp(36): error C2059: syntax error: ')'
  C:\UE5_Projects\ActionGame\Actiongame\Intermediate\Build\Win64\UE4Editor\Inc\ActionGame\SExplosiveBarrel.gen.cpp(39): error C2027: use of undefined type 'ASExplosiveBarrel'
  C:\UE5_Projects\ActionGame\Actiongame\Intermediate\Build\Win64\UE4Editor\Inc\ActionGame\SExplosiveBarrel.generated.h(103): note: see declaration of 'ASExplosiveBarrel'
  C:\UE5_Projects\ActionGame\Actiongame\Intermediate\Build\Win64\UE4Editor\Inc\ActionGame\SExplosiveBarrel.gen.cpp(41): error C2027: use of undefined type 'ASExplosiveBarrel'
  C:\UE5_Projects\ActionGame\Actiongame\Intermediate\Build\Win64\UE4Editor\Inc\ActionGame\SExplosiveBarrel.generated.h(103): note: see declaration of 'ASExplosiveBarrel'
  C:\UE5_Projects\ActionGame\Actiongame\Intermediate\Build\Win64\UE4Editor\Inc\ActionGame\SExplosiveBarrel.gen.cpp(41): error C2672: 'StaticClass': no matching overloaded function found
  C:\UE5_Projects\ActionGame\Actiongame\Intermediate\Build\Win64\UE4Editor\Inc\ActionGame\SExplosiveBarrel.gen.cpp(41): error C2783: 'UClass *StaticClass(void)': could not deduce template argument for 'ClassType'
  C:\Program Files\Epic Games\UE_4.27\Engine\Source\Runtime\CoreUObject\Public\UObject/ReflectedTypeAccessors.h(13): note: see declaration of 'StaticClass'
  C:\UE5_Projects\ActionGame\Actiongame\Intermediate\Build\Win64\UE4Editor\Inc\ActionGame\SExplosiveBarrel.gen.cpp(43): error C2027: use of undefined type 'ASExplosiveBarrel'
  C:\UE5_Projects\ActionGame\Actiongame\Intermediate\Build\Win64\UE4Editor\Inc\ActionGame\SExplosiveBarrel.generated.h(103): note: see declaration of 'ASExplosiveBarrel'
  C:\UE5_Projects\ActionGame\Actiongame\Intermediate\Build\Win64\UE4Editor\Inc\ActionGame\SExplosiveBarrel.gen.cpp(123): error C2027: use of undefined type 'ASExplosiveBarrel'
  C:\UE5_Projects\ActionGame\Actiongame\Intermediate\Build\Win64\UE4Editor\Inc\ActionGame\SExplosiveBarrel.generated.h(103): note: see declaration of 'ASExplosiveBarrel'
  C:\UE5_Projects\ActionGame\Actiongame\Intermediate\Build\Win64\UE4Editor\Inc\ActionGame\SExplosiveBarrel.gen.cpp(123): error C2672: 'StaticClass': no matching overloaded function found
  C:\UE5_Projects\ActionGame\Actiongame\Intermediate\Build\Win64\UE4Editor\Inc\ActionGame\SExplosiveBarrel.gen.cpp(123): error C2783: 'UClass *StaticClass(void)': could not deduce template argument for 'ClassType'
  C:\Program Files\Epic Games\UE_4.27\Engine\Source\Runtime\CoreUObject\Public\UObject/ReflectedTypeAccessors.h(13): note: see declaration of 'StaticClass'
  C:\UE5_Projects\ActionGame\Actiongame\Intermediate\Build\Win64\UE4Editor\Inc\ActionGame\SExplosiveBarrel.gen.cpp(164): error C2615: 'offsetof' cannot be applied to non-class type 'int'
  C:\UE5_Projects\ActionGame\Actiongame\Intermediate\Build\Win64\UE4Editor\Inc\ActionGame\SExplosiveBarrel.gen.cpp(172): error C2615: 'offsetof' cannot be applied to non-class type 'int'
  C:\UE5_Projects\ActionGame\Actiongame\Intermediate\Build\Win64\UE4Editor\Inc\ActionGame\SExplosiveBarrel.gen.cpp(178): error C2923: 'TCppClassTypeTraits': 'ASExplosiveBarrel' is not a valid template type argument for parameter 'CPPCLASS'
  C:\UE5_Projects\ActionGame\Actiongame\Source\ActionGame/Public/SExplosiveBarrel.h(15): note: see declaration of 'ASExplosiveBarrel'
  C:\UE5_Projects\ActionGame\Actiongame\Intermediate\Build\Win64\UE4Editor\Inc\ActionGame\SExplosiveBarrel.gen.cpp(178): error C2955: 'TCppClassTypeTraits': use of class template requires template argument list
  C:\Program Files\Epic Games\UE_4.27\Engine\Source\Runtime\CoreUObject\Public\UObject/Class.h(2522): note: see declaration of 'TCppClassTypeTraits'
  C:\UE5_Projects\ActionGame\Actiongame\Intermediate\Build\Win64\UE4Editor\Inc\ActionGame\SExplosiveBarrel.gen.cpp(178): error C4800: Implicit conversion from 'TCppClassTypeTraits<CPPCLASS>::<unnamed-enum-IsAbstract>' to bool. Possible information loss
  C:\UE5_Projects\ActionGame\Actiongame\Intermediate\Build\Win64\UE4Editor\Inc\ActionGame\SExplosiveBarrel.gen.cpp(179): note: consider using explicit cast or comparison to 0 to avoid this warning
  C:\Program Files\Epic Games\UE_4.27\Engine\Source\Runtime\CoreUObject\Public\UObject/Class.h(2525): note: see declaration of 'TCppClassTypeTraits<CPPCLASS>::<unnamed-enum-IsAbstract>'
  C:\UE5_Projects\ActionGame\Actiongame\Intermediate\Build\Win64\UE4Editor\Inc\ActionGame\SExplosiveBarrel.gen.cpp(179): warning C4305: 'initializing': truncation from 'TCppClassTypeTraits<CPPCLASS>::<unnamed-enum-IsAbstract>' to 'bool'
  C:\UE5_Projects\ActionGame\Actiongame\Intermediate\Build\Win64\UE4Editor\Inc\ActionGame\SExplosiveBarrel.gen.cpp(181): error C2027: use of undefined type 'ASExplosiveBarrel'
  C:\UE5_Projects\ActionGame\Actiongame\Intermediate\Build\Win64\UE4Editor\Inc\ActionGame\SExplosiveBarrel.generated.h(103): note: see declaration of 'ASExplosiveBarrel'
  C:\UE5_Projects\ActionGame\Actiongame\Intermediate\Build\Win64\UE4Editor\Inc\ActionGame\SExplosiveBarrel.gen.cpp(181): error C2440: 'initializing': cannot convert from 'overloaded-function' to 'UClass *(__cdecl *)(void)'
  C:\UE5_Projects\ActionGame\Actiongame\Intermediate\Build\Win64\UE4Editor\Inc\ActionGame\SExplosiveBarrel.gen.cpp(181): note: None of the functions with this name in scope match the target type
  C:\UE5_Projects\ActionGame\Actiongame\Intermediate\Build\Win64\UE4Editor\Inc\ActionGame\SExplosiveBarrel.gen.cpp(204): error C2923: 'TClassCompiledInDefer': 'ASExplosiveBarrel' is not a valid template type argument for parameter 'TClass'
  C:\UE5_Projects\ActionGame\Actiongame\Source\ActionGame/Public/SExplosiveBarrel.h(15): note: see declaration of 'ASExplosiveBarrel'
  C:\UE5_Projects\ActionGame\Actiongame\Intermediate\Build\Win64\UE4Editor\Inc\ActionGame\SExplosiveBarrel.gen.cpp(204): error C2514: 'TClassCompiledInDefer': class template cannot be constructed
  C:\Program Files\Epic Games\UE_4.27\Engine\Source\Runtime\CoreUObject\Public\UObject/UObjectBase.h(291): note: see declaration of 'TClassCompiledInDefer'
  C:\UE5_Projects\ActionGame\Actiongame\Intermediate\Build\Win64\UE4Editor\Inc\ActionGame\SExplosiveBarrel.gen.cpp(204): error C2027: use of undefined type 'ASExplosiveBarrel'
  C:\UE5_Projects\ActionGame\Actiongame\Intermediate\Build\Win64\UE4Editor\Inc\ActionGame\SExplosiveBarrel.generated.h(103): note: see declaration of 'ASExplosiveBarrel'
  C:\UE5_Projects\ActionGame\Actiongame\Intermediate\Build\Win64\UE4Editor\Inc\ActionGame\SExplosiveBarrel.gen.cpp(204): error C3861: 'StaticPackage': identifier not found
  C:\UE5_Projects\ActionGame\Actiongame\Intermediate\Build\Win64\UE4Editor\Inc\ActionGame\SExplosiveBarrel.gen.cpp(204): error C2065: 'StaticClassFlags': undeclared identifier
  C:\UE5_Projects\ActionGame\Actiongame\Intermediate\Build\Win64\UE4Editor\Inc\ActionGame\SExplosiveBarrel.gen.cpp(204): error C2061: syntax error: identifier 'ASExplosiveBarrel'
  C:\UE5_Projects\ActionGame\Actiongame\Intermediate\Build\Win64\UE4Editor\Inc\ActionGame\SExplosiveBarrel.gen.cpp(206): error C2912: explicit specialization 'UClass *StaticClass<ASExplosiveBarrel>(void)' is not a specialization of a function template
  C:\UE5_Projects\ActionGame\Actiongame\Intermediate\Build\Win64\UE4Editor\Inc\ActionGame\SExplosiveBarrel.gen.cpp(207): error C2027: use of undefined type 'ASExplosiveBarrel'
  C:\UE5_Projects\ActionGame\Actiongame\Intermediate\Build\Win64\UE4Editor\Inc\ActionGame\SExplosiveBarrel.generated.h(103): note: see declaration of 'ASExplosiveBarrel'
  C:\UE5_Projects\ActionGame\Actiongame\Intermediate\Build\Win64\UE4Editor\Inc\ActionGame\SExplosiveBarrel.gen.cpp(207): error C2672: 'StaticClass': no matching overloaded function found
  C:\UE5_Projects\ActionGame\Actiongame\Intermediate\Build\Win64\UE4Editor\Inc\ActionGame\SExplosiveBarrel.gen.cpp(207): error C2783: 'UClass *StaticClass(void)': could not deduce template argument for 'ClassType'
  C:\Program Files\Epic Games\UE_4.27\Engine\Source\Runtime\CoreUObject\Public\UObject/ReflectedTypeAccessors.h(13): note: see declaration of 'StaticClass'
  C:\UE5_Projects\ActionGame\Actiongame\Intermediate\Build\Win64\UE4Editor\Inc\ActionGame\SExplosiveBarrel.gen.cpp(209): error C2027: use of undefined type 'ASExplosiveBarrel'
  C:\UE5_Projects\ActionGame\Actiongame\Intermediate\Build\Win64\UE4Editor\Inc\ActionGame\SExplosiveBarrel.generated.h(103): note: see declaration of 'ASExplosiveBarrel'
  C:\UE5_Projects\ActionGame\Actiongame\Intermediate\Build\Win64\UE4Editor\Inc\ActionGame\SExplosiveBarrel.gen.cpp(209): error C2664: 'FCompiledInDefer::FCompiledInDefer(UClass *(__cdecl *)(void),UClass *(__cdecl *)(void),const TCHAR *,const TCHAR *,bool,const TCHAR *,const TCHAR *,void (__cdecl *)(TMap<FName,FName,FDefaultSetAllocator,TDefaultMapHashableKeyFuncs<KeyType,ValueType,false>> &))': cannot convert argument 2 from 'UClass *(__cdecl *)(void)' to 'UClass *(__cdecl *)(void)'
          with
          [
              KeyType=FName,
              ValueType=FName
          ]
  C:\UE5_Projects\ActionGame\Actiongame\Intermediate\Build\Win64\UE4Editor\Inc\ActionGame\SExplosiveBarrel.gen.cpp(209): note: None of the functions with this name in scope match the target type
  C:\Program Files\Epic Games\UE_4.27\Engine\Source\Runtime\CoreUObject\Public\UObject/UObjectBase.h(316): note: see declaration of 'FCompiledInDefer::FCompiledInDefer'
  C:\UE5_Projects\ActionGame\Actiongame\Intermediate\Build\Win64\UE4Editor\Inc\ActionGame\SExplosiveBarrel.gen.cpp(210): error C2027: use of undefined type 'ASExplosiveBarrel'
  C:\UE5_Projects\ActionGame\Actiongame\Intermediate\Build\Win64\UE4Editor\Inc\ActionGame\SExplosiveBarrel.generated.h(103): note: see declaration of 'ASExplosiveBarrel'
  C:\UE5_Projects\ActionGame\Actiongame\Intermediate\Build\Win64\UE4Editor\Inc\ActionGame\SExplosiveBarrel.gen.cpp(210): error C4430: missing type specifier - int assumed. Note: C++ does not support default-int
  C:\UE5_Projects\ActionGame\Actiongame\Intermediate\Build\Win64\UE4Editor\Inc\ActionGame\SExplosiveBarrel.gen.cpp(210): error C2550: '{ctor}': constructor initializer lists are only allowed on constructor definitions
  C:\UE5_Projects\ActionGame\Actiongame\Intermediate\Build\Win64\UE4Editor\Inc\ActionGame\SExplosiveBarrel.gen.cpp(210): error C4508: '{ctor}': function should return a value; 'void' return type assumed
LogInit: Warning: Still incompatible or missing module: ActionGame
LogCore: Engine exit requested (reason: EngineExit() was called)
LogExit: Preparing to exit.
LogModuleManager: Shutting down and abandoning module DesktopPlatform (48)
LogModuleManager: Shutting down and abandoning module PythonScriptPluginPreload (46)
LogModuleManager: Shutting down and abandoning module PlatformCryptoOpenSSL (44)
LogModuleManager: Shutting down and abandoning module PlatformCryptoTypes (42)
LogModuleManager: Shutting down and abandoning module PlatformCrypto (40)
LogModuleManager: Shutting down and abandoning module OodleDataCompressionFormat (38)
LogModuleManager: Shutting down and abandoning module XGEController (36)
LogXGEController: Cannot use XGE Controller as Incredibuild is not installed on this machine.
LogXGEController: Cleaning working directory: C:/Users/ryanl/AppData/Local/Temp/UnrealXGEWorkingDir/
LogModuleManager: Shutting down and abandoning module AnimationModifiers (34)
LogModuleManager: Shutting down and abandoning module AudioEditor (32)
LogModuleManager: Shutting down and abandoning module PropertyEditor (31)
LogModuleManager: Shutting down and abandoning module TextureCompressor (28)
LogModuleManager: Shutting down and abandoning module RenderCore (26)
LogModuleManager: Shutting down and abandoning module Landscape (24)
LogModuleManager: Shutting down and abandoning module SlateRHIRenderer (22)
LogModuleManager: Shutting down and abandoning module AnimGraphRuntime (20)
LogModuleManager: Shutting down and abandoning module Renderer (18)
LogModuleManager: Shutting down and abandoning module Engine (16)
LogModuleManager: Shutting down and abandoning module CoreUObject (14)
LogModuleManager: Shutting down and abandoning module NetworkFile (12)
LogModuleManager: Shutting down and abandoning module CookedIterativeFile (10)
LogModuleManager: Shutting down and abandoning module StreamingFile (8)
LogModuleManager: Shutting down and abandoning module SandboxFile (6)
LogModuleManager: Shutting down and abandoning module PakFile (4)
LogModuleManager: Shutting down and abandoning module RSA (3)
LogExit: Exiting.
Log file closed, 11/22/22 20:05:19
